<?xml version="1.0" encoding="UTF-8"?>
<testng-results ignored="0" total="1" passed="1" failed="0" skipped="0">
  <reporter-output>
  </reporter-output>
  <suite started-at="2022-09-06T19:40:47 GMT-07:00" name="Default suite" finished-at="2022-09-06T19:40:54 GMT-07:00" duration-ms="6798">
    <groups>
    </groups>
    <test started-at="2022-09-06T19:40:47 GMT-07:00" name="Default test" finished-at="2022-09-06T19:40:54 GMT-07:00" duration-ms="6798">
      <class name="RestAssured.rest.request1">
        <test-method signature="get_Request()[pri:0, instance:RestAssured.rest.request1@1b6e1eff]" started-at="2022-09-06T19:40:48 GMT-07:00" name="get_Request" finished-at="2022-09-06T19:40:54 GMT-07:00" duration-ms="6726" status="PASS">
          <reporter-output>
          </reporter-output>
        </test-method> <!-- get_Request -->
      </class> <!-- RestAssured.rest.request1 -->
    </test> <!-- Default test -->
  </suite> <!-- Default suite -->
</testng-results>
