<?xml version="1.0" encoding="UTF-8"?>
<!-- Generated by org.testng.reporters.JUnitXMLReporter -->
<testsuite ignored="0" hostname="DESKTOP-FOESE3F" failures="0" tests="5" name="Test" time="35.795" errors="0" timestamp="2022-10-16T16:35:33 IST">
  <testcase classname="test.LoginTest" name="verifyurl" time="0.021"/>
  <testcase classname="test.LoginTest" name="verifyLoginPageIsDisplayed" time="0.385"/>
  <testcase classname="test.LoginTest" name="verifyLogin" time="5.515"/>
  <testcase classname="test.PimTest" name="verifyPimPage" time="6.328"/>
  <testcase classname="test.PimTest" name="verifycheckboxisSelected" time="0.173"/>
</testsuite> <!-- Test -->
