<?xml version="1.0" encoding="UTF-8"?>
<!-- Generated by org.testng.reporters.JUnitXMLReporter -->
<testsuite ignored="0" hostname="DESKTOP-FOESE3F" failures="0" tests="6" name="Test" time="50.508" errors="0" timestamp="2022-08-26T14:17:33 GMT-07:00">
  <testcase classname="testjavaa.LoginTestttt" name="verifyurl" time="0.022"/>
  <testcase classname="testjavaa.LoginTestttt" name="display" time="0.726"/>
  <testcase classname="testjavaa.LoginTestttt" name="verifylogin" time="3.218"/>
  <testcase classname="testjavaa.PimTesttt" name="veripg" time="0.928"/>
  <testcase classname="testjavaa.PimTesttt" name="verifybox" time="1.468"/>
  <testcase classname="testjavaa.PimTesttt" name="clickable" time="6.73"/>
</testsuite> <!-- Test -->
