<?xml version="1.0" encoding="UTF-8"?>
<!-- Generated by org.testng.reporters.JUnitXMLReporter -->
<testsuite ignored="0" hostname="DESKTOP-FOESE3F" failures="0" tests="6" name="Default test" time="0.114" errors="0" timestamp="2023-02-28T21:22:43 IST">
  <testcase classname="testng_practice.Test2Class" name="m1" time="0.016"/>
  <testcase classname="testng_practice.Test2Class" name="m2" time="0.002"/>
  <testcase classname="testng_practice.Test2Class" name="m3" time="0.002"/>
  <testcase classname="testng_practice.Test2Class" name="m4" time="0.002"/>
  <testcase classname="testng_practice.Test2Class" name="m5" time="0.003"/>
  <testcase classname="testng_practice.Test2Class" name="m6" time="0.002"/>
</testsuite> <!-- Default test -->
