<?xml version="1.0" encoding="UTF-8"?>
<!-- Generated by org.testng.reporters.JUnitXMLReporter -->
<testsuite ignored="0" hostname="DESKTOP-FOESE3F" failures="0" tests="3" name="Default test" time="28.236" errors="0" timestamp="2022-10-16T16:32:00 IST">
  <testcase classname="test.LoginTest" name="verifyurl" time="0.024"/>
  <testcase classname="test.LoginTest" name="verifyLoginPageIsDisplayed" time="0.506"/>
  <testcase classname="test.LoginTest" name="verifyLogin" time="4.583"/>
</testsuite> <!-- Default test -->
