<?xml version="1.0" encoding="UTF-8"?>
<testng-results ignored="0" total="5" passed="5" failed="0" skipped="0">
  <reporter-output>
  </reporter-output>
  <suite started-at="2022-10-29T22:06:10 IST" name="Suite" finished-at="2022-10-29T22:06:59 IST" duration-ms="48845">
    <groups>
    </groups>
    <test started-at="2022-10-29T22:06:10 IST" name="Test" finished-at="2022-10-29T22:06:59 IST" duration-ms="48845">
      <class name="test.LoginTest">
        <test-method is-config="true" signature="launchbrowser()[pri:0, instance:test.LoginTest@14555e0a]" started-at="2022-10-29T22:06:10 IST" name="launchbrowser" finished-at="2022-10-29T22:06:35 IST" duration-ms="25076" status="PASS">
          <reporter-output>
          </reporter-output>
        </test-method> <!-- launchbrowser -->
        <test-method is-config="true" signature="pageObjects()[pri:0, instance:test.LoginTest@14555e0a]" started-at="2022-10-29T22:06:35 IST" name="pageObjects" finished-at="2022-10-29T22:06:36 IST" duration-ms="225" status="PASS">
          <reporter-output>
          </reporter-output>
        </test-method> <!-- pageObjects -->
        <test-method signature="verifyurl()[pri:-1, instance:test.LoginTest@14555e0a]" started-at="2022-10-29T22:06:36 IST" name="verifyurl" finished-at="2022-10-29T22:06:36 IST" duration-ms="38" status="PASS">
          <reporter-output>
          </reporter-output>
        </test-method> <!-- verifyurl -->
        <test-method signature="verifyLoginPageIsDisplayed()[pri:0, instance:test.LoginTest@14555e0a]" started-at="2022-10-29T22:06:36 IST" name="verifyLoginPageIsDisplayed" finished-at="2022-10-29T22:06:36 IST" duration-ms="604" status="PASS">
          <reporter-output>
          </reporter-output>
        </test-method> <!-- verifyLoginPageIsDisplayed -->
        <test-method signature="verifyLogin()[pri:1, instance:test.LoginTest@14555e0a]" started-at="2022-10-29T22:06:36 IST" name="verifyLogin" finished-at="2022-10-29T22:06:41 IST" duration-ms="4783" status="PASS">
          <reporter-output>
          </reporter-output>
        </test-method> <!-- verifyLogin -->
        <test-method is-config="true" signature="teardown()[pri:0, instance:test.LoginTest@14555e0a]" started-at="2022-10-29T22:06:41 IST" name="teardown" finished-at="2022-10-29T22:06:42 IST" duration-ms="821" status="PASS">
          <reporter-output>
          </reporter-output>
        </test-method> <!-- teardown -->
      </class> <!-- test.LoginTest -->
      <class name="test.PimTest">
        <test-method is-config="true" signature="launchbrowser()[pri:0, instance:test.PimTest@4bb33f74]" started-at="2022-10-29T22:06:42 IST" name="launchbrowser" finished-at="2022-10-29T22:06:53 IST" duration-ms="10935" status="PASS">
          <reporter-output>
          </reporter-output>
        </test-method> <!-- launchbrowser -->
        <test-method is-config="true" signature="pageObjects()[pri:0, instance:test.PimTest@4bb33f74]" started-at="2022-10-29T22:06:53 IST" name="pageObjects" finished-at="2022-10-29T22:06:53 IST" duration-ms="4" status="PASS">
          <reporter-output>
          </reporter-output>
        </test-method> <!-- pageObjects -->
        <test-method signature="verifyPimPage()[pri:2, instance:test.PimTest@4bb33f74]" started-at="2022-10-29T22:06:53 IST" name="verifyPimPage" finished-at="2022-10-29T22:06:58 IST" duration-ms="5285" status="PASS">
          <reporter-output>
          </reporter-output>
        </test-method> <!-- verifyPimPage -->
        <test-method signature="verifycheckboxisSelected()[pri:3, instance:test.PimTest@4bb33f74]" started-at="2022-10-29T22:06:58 IST" name="verifycheckboxisSelected" finished-at="2022-10-29T22:06:58 IST" duration-ms="244" status="PASS">
          <reporter-output>
          </reporter-output>
        </test-method> <!-- verifycheckboxisSelected -->
        <test-method is-config="true" signature="teardown()[pri:0, instance:test.PimTest@4bb33f74]" started-at="2022-10-29T22:06:58 IST" name="teardown" finished-at="2022-10-29T22:06:59 IST" duration-ms="723" status="PASS">
          <reporter-output>
          </reporter-output>
        </test-method> <!-- teardown -->
      </class> <!-- test.PimTest -->
    </test> <!-- Test -->
  </suite> <!-- Suite -->
</testng-results>
