<?xml version="1.0" encoding="UTF-8"?>
<!-- Generated by org.testng.reporters.JUnitXMLReporter -->
<testsuite ignored="0" hostname="DESKTOP-FOESE3F" failures="0" tests="5" name="Test" time="35.911" errors="0" timestamp="2022-08-26T17:27:50 GMT-07:00">
  <testcase classname="test.LoginTest" name="verifyUrlOfPage" time="0.023"/>
  <testcase classname="test.LoginTest" name="verifyLoginPageIsDisplayed" time="0.328"/>
  <testcase classname="test.LoginTest" name="verifyLogin" time="3.545"/>
  <testcase classname="test.PimTest" name="verifyPimPage" time="4.845"/>
  <testcase classname="test.PimTest" name="verifyIdCheckBoxIsSelected" time="1.11"/>
</testsuite> <!-- Test -->
