<?xml version="1.0" encoding="UTF-8"?>
<!-- Generated by org.testng.reporters.JUnitXMLReporter -->
<testsuite ignored="0" hostname="DESKTOP-FOESE3F" failures="0" tests="3" name="Default test(failed)" time="17.866" errors="0" timestamp="2022-10-16T16:38:40 IST">
  <testcase classname="test.LoginTest" name="verifyurl" time="0.024"/>
  <testcase classname="test.LoginTest" name="verifyLoginPageIsDisplayed" time="0.443"/>
  <testcase classname="test.LoginTest" name="verifyLogin" time="3.018"/>
</testsuite> <!-- Default test(failed) -->
