<?xml version="1.0" encoding="UTF-8"?>
<!-- Generated by org.testng.reporters.JUnitXMLReporter -->
<testsuite ignored="0" hostname="DESKTOP-FOESE3F" failures="0" tests="5" name="Test" time="48.845" errors="0" timestamp="2022-10-29T22:06:59 IST">
  <testcase classname="test.LoginTest" name="verifyurl" time="0.038"/>
  <testcase classname="test.LoginTest" name="verifyLoginPageIsDisplayed" time="0.604"/>
  <testcase classname="test.LoginTest" name="verifyLogin" time="4.783"/>
  <testcase classname="test.PimTest" name="verifyPimPage" time="5.285"/>
  <testcase classname="test.PimTest" name="verifycheckboxisSelected" time="0.244"/>
</testsuite> <!-- Test -->
