<?xml version="1.0" encoding="UTF-8"?>
<!-- Generated by org.testng.reporters.JUnitXMLReporter -->
<testsuite ignored="0" hostname="DESKTOP-FOESE3F" failures="0" tests="3" name="Default test" time="37.912" errors="0" timestamp="2022-10-13T13:04:43 IST">
  <testcase classname="testjavaa.LoginTestttt" name="verifyurl" time="0.803"/>
  <testcase classname="testjavaa.LoginTestttt" name="display" time="0.101"/>
  <testcase classname="testjavaa.LoginTestttt" name="verifylogin" time="9.382"/>
</testsuite> <!-- Default test -->
