<?xml version="1.0" encoding="UTF-8"?>
<testng-results ignored="0" total="5" passed="5" failed="0" skipped="0">
  <reporter-output>
  </reporter-output>
  <suite started-at="2022-10-16T16:34:57 IST" name="Suite" finished-at="2022-10-16T16:35:33 IST" duration-ms="35795">
    <groups>
    </groups>
    <test started-at="2022-10-16T16:34:57 IST" name="Test" finished-at="2022-10-16T16:35:33 IST" duration-ms="35795">
      <class name="test.LoginTest">
        <test-method is-config="true" signature="launchbrowser()[pri:0, instance:test.LoginTest@cad498c]" started-at="2022-10-16T16:34:57 IST" name="launchbrowser" finished-at="2022-10-16T16:35:08 IST" duration-ms="11085" status="PASS">
          <reporter-output>
          </reporter-output>
        </test-method> <!-- launchbrowser -->
        <test-method is-config="true" signature="pageObjects()[pri:0, instance:test.LoginTest@cad498c]" started-at="2022-10-16T16:35:08 IST" name="pageObjects" finished-at="2022-10-16T16:35:08 IST" duration-ms="51" status="PASS">
          <reporter-output>
          </reporter-output>
        </test-method> <!-- pageObjects -->
        <test-method signature="verifyurl()[pri:-1, instance:test.LoginTest@cad498c]" started-at="2022-10-16T16:35:08 IST" name="verifyurl" finished-at="2022-10-16T16:35:08 IST" duration-ms="21" status="PASS">
          <reporter-output>
          </reporter-output>
        </test-method> <!-- verifyurl -->
        <test-method signature="verifyLoginPageIsDisplayed()[pri:0, instance:test.LoginTest@cad498c]" started-at="2022-10-16T16:35:08 IST" name="verifyLoginPageIsDisplayed" finished-at="2022-10-16T16:35:09 IST" duration-ms="385" status="PASS">
          <reporter-output>
          </reporter-output>
        </test-method> <!-- verifyLoginPageIsDisplayed -->
        <test-method signature="verifyLogin()[pri:1, instance:test.LoginTest@cad498c]" started-at="2022-10-16T16:35:09 IST" name="verifyLogin" finished-at="2022-10-16T16:35:14 IST" duration-ms="5515" status="PASS">
          <reporter-output>
          </reporter-output>
        </test-method> <!-- verifyLogin -->
        <test-method is-config="true" signature="teardown()[pri:0, instance:test.LoginTest@cad498c]" started-at="2022-10-16T16:35:14 IST" name="teardown" finished-at="2022-10-16T16:35:15 IST" duration-ms="842" status="PASS">
          <reporter-output>
          </reporter-output>
        </test-method> <!-- teardown -->
      </class> <!-- test.LoginTest -->
      <class name="test.PimTest">
        <test-method is-config="true" signature="launchbrowser()[pri:0, instance:test.PimTest@1e6454ec]" started-at="2022-10-16T16:35:15 IST" name="launchbrowser" finished-at="2022-10-16T16:35:26 IST" duration-ms="10606" status="PASS">
          <reporter-output>
          </reporter-output>
        </test-method> <!-- launchbrowser -->
        <test-method is-config="true" signature="pageObjects()[pri:0, instance:test.PimTest@1e6454ec]" started-at="2022-10-16T16:35:26 IST" name="pageObjects" finished-at="2022-10-16T16:35:26 IST" duration-ms="2" status="PASS">
          <reporter-output>
          </reporter-output>
        </test-method> <!-- pageObjects -->
        <test-method signature="verifyPimPage()[pri:2, instance:test.PimTest@1e6454ec]" started-at="2022-10-16T16:35:26 IST" name="verifyPimPage" finished-at="2022-10-16T16:35:32 IST" duration-ms="6328" status="PASS">
          <reporter-output>
          </reporter-output>
        </test-method> <!-- verifyPimPage -->
        <test-method signature="verifycheckboxisSelected()[pri:3, instance:test.PimTest@1e6454ec]" started-at="2022-10-16T16:35:32 IST" name="verifycheckboxisSelected" finished-at="2022-10-16T16:35:32 IST" duration-ms="173" status="PASS">
          <reporter-output>
          </reporter-output>
        </test-method> <!-- verifycheckboxisSelected -->
        <test-method is-config="true" signature="teardown()[pri:0, instance:test.PimTest@1e6454ec]" started-at="2022-10-16T16:35:32 IST" name="teardown" finished-at="2022-10-16T16:35:33 IST" duration-ms="723" status="PASS">
          <reporter-output>
          </reporter-output>
        </test-method> <!-- teardown -->
      </class> <!-- test.PimTest -->
    </test> <!-- Test -->
  </suite> <!-- Suite -->
</testng-results>
