<?xml version="1.0" encoding="UTF-8"?>
<!-- Generated by org.testng.reporters.JUnitXMLReporter -->
<testsuite ignored="0" hostname="DESKTOP-FOESE3F" failures="0" tests="3" name="Default test" time="36.963" errors="0" timestamp="2022-08-26T17:26:17 GMT-07:00">
  <testcase classname="test.LoginTest" name="verifyUrlOfPage" time="0.024"/>
  <testcase classname="test.LoginTest" name="verifyLoginPageIsDisplayed" time="0.919"/>
  <testcase classname="test.LoginTest" name="verifyLogin" time="7.167"/>
</testsuite> <!-- Default test -->
