<?xml version="1.0" encoding="UTF-8"?>
<!-- Generated by org.testng.reporters.JUnitXMLReporter -->
<testsuite ignored="0" hostname="DESKTOP-FOESE3F" failures="0" tests="4" name="Test" time="34.794" errors="0" timestamp="2022-10-12T21:22:51 IST">
  <testcase classname="vvvvvvvvv.hiiiiii" name="verifyurlofPage" time="0.045"/>
  <testcase classname="vvvvvvvvv.hiiiiii" name="verifyTitleOfPage" time="0.103"/>
  <testcase classname="vvvvvvvvv.hiiiiii" name="verifyUpperIconsGrocery" time="0.23"/>
  <testcase classname="vvvvvvvvv.hiiiiii" name="verifyUpperIconsTopOffers" time="0.078"/>
</testsuite> <!-- Test -->
