<?xml version="1.0" encoding="UTF-8"?>
<testng-results ignored="0" total="5" passed="5" failed="0" skipped="0">
  <reporter-output>
  </reporter-output>
  <suite started-at="2022-08-26T17:31:14 GMT-07:00" name="Suite" finished-at="2022-08-26T17:31:50 GMT-07:00" duration-ms="36273">
    <groups>
      <group name="regression">
        <method signature="LoginTest.verifyLogin()[pri:2, instance:test.LoginTest@2accdbb5]" name="verifyLogin" class="test.LoginTest"/>
      </group> <!-- regression -->
      <group name="smoke">
        <method signature="LoginTest.verifyLogin()[pri:2, instance:test.LoginTest@2accdbb5]" name="verifyLogin" class="test.LoginTest"/>
        <method signature="LoginTest.verifyUrlOfPage()[pri:0, instance:test.LoginTest@2accdbb5]" name="verifyUrlOfPage" class="test.LoginTest"/>
      </group> <!-- smoke -->
    </groups>
    <test started-at="2022-08-26T17:31:14 GMT-07:00" name="Test" finished-at="2022-08-26T17:31:50 GMT-07:00" duration-ms="36273">
      <class name="test.LoginTest">
        <test-method is-config="true" signature="launchBrowser()[pri:0, instance:test.LoginTest@2accdbb5]" started-at="2022-08-26T17:31:14 GMT-07:00" name="launchBrowser" finished-at="2022-08-26T17:31:28 GMT-07:00" duration-ms="13740" status="PASS">
          <reporter-output>
          </reporter-output>
        </test-method> <!-- launchBrowser -->
        <test-method is-config="true" signature="pageObjects()[pri:0, instance:test.LoginTest@2accdbb5]" started-at="2022-08-26T17:31:28 GMT-07:00" name="pageObjects" finished-at="2022-08-26T17:31:28 GMT-07:00" duration-ms="95" status="PASS">
          <reporter-output>
          </reporter-output>
        </test-method> <!-- pageObjects -->
        <test-method signature="verifyUrlOfPage()[pri:0, instance:test.LoginTest@2accdbb5]" started-at="2022-08-26T17:31:28 GMT-07:00" name="verifyUrlOfPage" finished-at="2022-08-26T17:31:28 GMT-07:00" duration-ms="20" status="PASS">
          <reporter-output>
          </reporter-output>
        </test-method> <!-- verifyUrlOfPage -->
        <test-method signature="verifyLoginPageIsDisplayed()[pri:1, instance:test.LoginTest@2accdbb5]" started-at="2022-08-26T17:31:28 GMT-07:00" name="verifyLoginPageIsDisplayed" finished-at="2022-08-26T17:31:29 GMT-07:00" duration-ms="695" status="PASS">
          <reporter-output>
          </reporter-output>
        </test-method> <!-- verifyLoginPageIsDisplayed -->
        <test-method signature="verifyLogin()[pri:2, instance:test.LoginTest@2accdbb5]" started-at="2022-08-26T17:31:29 GMT-07:00" name="verifyLogin" finished-at="2022-08-26T17:31:32 GMT-07:00" duration-ms="3875" status="PASS">
          <reporter-output>
          </reporter-output>
        </test-method> <!-- verifyLogin -->
        <test-method is-config="true" signature="tearDownEnvirnment()[pri:0, instance:test.LoginTest@2accdbb5]" started-at="2022-08-26T17:31:32 GMT-07:00" name="tearDownEnvirnment" finished-at="2022-08-26T17:31:33 GMT-07:00" duration-ms="843" status="PASS">
          <reporter-output>
          </reporter-output>
        </test-method> <!-- tearDownEnvirnment -->
      </class> <!-- test.LoginTest -->
      <class name="test.PimTest">
        <test-method is-config="true" signature="launchBrowser()[pri:0, instance:test.PimTest@b62d79]" started-at="2022-08-26T17:31:33 GMT-07:00" name="launchBrowser" finished-at="2022-08-26T17:31:43 GMT-07:00" duration-ms="9290" status="PASS">
          <reporter-output>
          </reporter-output>
        </test-method> <!-- launchBrowser -->
        <test-method is-config="true" signature="pageObjects()[pri:0, instance:test.PimTest@b62d79]" started-at="2022-08-26T17:31:43 GMT-07:00" name="pageObjects" finished-at="2022-08-26T17:31:43 GMT-07:00" duration-ms="2" status="PASS">
          <reporter-output>
          </reporter-output>
        </test-method> <!-- pageObjects -->
        <test-method is-config="true" signature="login()[pri:0, instance:test.PimTest@b62d79]" started-at="2022-08-26T17:31:43 GMT-07:00" name="login" finished-at="2022-08-26T17:31:44 GMT-07:00" duration-ms="1491" status="PASS">
          <reporter-output>
          </reporter-output>
        </test-method> <!-- login -->
        <test-method signature="verifyPimPage()[pri:3, instance:test.PimTest@b62d79]" started-at="2022-08-26T17:31:44 GMT-07:00" name="verifyPimPage" finished-at="2022-08-26T17:31:48 GMT-07:00" duration-ms="4191" status="PASS">
          <reporter-output>
          </reporter-output>
        </test-method> <!-- verifyPimPage -->
        <test-method signature="verifyIdCheckBoxIsSelected()[pri:4, instance:test.PimTest@b62d79]" started-at="2022-08-26T17:31:48 GMT-07:00" name="verifyIdCheckBoxIsSelected" finished-at="2022-08-26T17:31:49 GMT-07:00" duration-ms="1166" status="PASS">
          <reporter-output>
          </reporter-output>
        </test-method> <!-- verifyIdCheckBoxIsSelected -->
        <test-method is-config="true" signature="tearDownEnvirnment()[pri:0, instance:test.PimTest@b62d79]" started-at="2022-08-26T17:31:49 GMT-07:00" name="tearDownEnvirnment" finished-at="2022-08-26T17:31:50 GMT-07:00" duration-ms="790" status="PASS">
          <reporter-output>
          </reporter-output>
        </test-method> <!-- tearDownEnvirnment -->
      </class> <!-- test.PimTest -->
    </test> <!-- Test -->
  </suite> <!-- Suite -->
</testng-results>
