<?xml version="1.0" encoding="UTF-8"?>
<!-- Generated by org.testng.reporters.JUnitXMLReporter -->
<testsuite ignored="0" hostname="DESKTOP-FOESE3F" failures="0" tests="6" name="Test" time="0.098" errors="0" timestamp="2023-02-28T21:37:12 IST">
  <testcase classname="testng_practice.Test2Class" name="m2" time="0.014"/>
  <testcase classname="testng_practice.Test2Class" name="m1" time="0.015"/>
  <testcase classname="testng_practice.Test2Class" name="m4" time="0.016"/>
  <testcase classname="testng_practice.Test2Class" name="m5" time="0.017"/>
  <testcase classname="testng_practice.Test2Class" name="m3" time="0.018"/>
  <testcase classname="testng_practice.Test2Class" name="m6" time="0.01"/>
</testsuite> <!-- Test -->
