<?xml version="1.0" encoding="UTF-8"?>
<!-- Generated by org.testng.reporters.JUnitXMLReporter -->
<testsuite ignored="0" hostname="DESKTOP-FOESE3F" failures="0" tests="3" name="Default test" time="16.599" errors="0" timestamp="2022-08-23T17:56:32 GMT-07:00">
  <testcase classname="test.LoginTest" name="verifyurlofpage" time="0.026"/>
  <testcase classname="test.LoginTest" name="verifyloginpageisDisplayed" time="0.516"/>
  <testcase classname="test.LoginTest" name="verifylogin" time="3.637"/>
</testsuite> <!-- Default test -->
