<?xml version="1.0" encoding="UTF-8"?>
<!-- Generated by org.testng.reporters.JUnitXMLReporter -->
<testsuite ignored="0" hostname="DESKTOP-FOESE3F" failures="0" tests="4" name="Default test" time="145.762" errors="0" timestamp="2022-10-12T19:42:38 IST">
  <testcase classname="vvvvvvvvv.hiiiiii" name="verifyurlofPage" time="0.063"/>
  <testcase classname="vvvvvvvvv.hiiiiii" name="verifyTitleOfPage" time="0.096"/>
  <testcase classname="vvvvvvvvv.hiiiiii" name="verifyUpperIconsGrocery" time="0.165"/>
  <testcase classname="vvvvvvvvv.hiiiiii" name="verifyUpperIconsTopOffers" time="0.05"/>
</testsuite> <!-- Default test -->
